<?xml version="1.0" encoding="UTF-8"?>
<!-- Generated by org.testng.reporters.JUnitReportReporter -->
<testsuite hostname="Aamirsz" failures="0" tests="3" name="SeleniumFramework.Tests.FrameworkBuilding" time="53.629" errors="0" timestamp="2023-11-01T16:47:14 IST" skipped="1">
  <testcase classname="SeleniumFramework.Tests.FrameworkBuilding" name="orderSubmit" time="11.761"/>
  <testcase classname="SeleniumFramework.Tests.FrameworkBuilding" name="orderSubmit" time="11.709">
    <skipped/>
  </testcase> <!-- orderSubmit -->
  <testcase classname="SeleniumFramework.Tests.FrameworkBuilding" name="orderSubmit" time="30.159"/>
</testsuite> <!-- SeleniumFramework.Tests.FrameworkBuilding -->
