<?xml version="1.0" encoding="UTF-8"?>
<!-- Generated by org.testng.reporters.JUnitReportReporter -->
<testsuite hostname="Aamirsz" failures="0" tests="3" name="SeleniumFramework.Tests.FrameworkBuilding" time="50.711" errors="0" timestamp="2023-11-02T00:04:19 IST" skipped="0">
  <testcase classname="SeleniumFramework.Tests.FrameworkBuilding" name="orderSubmit" time="24.453"/>
  <testcase classname="SeleniumFramework.Tests.FrameworkBuilding" name="orderHistory" time="9.470"/>
  <testcase classname="SeleniumFramework.Tests.FrameworkBuilding" name="orderSubmit" time="16.788"/>
</testsuite> <!-- SeleniumFramework.Tests.FrameworkBuilding -->
